<?xml version="1.0" encoding="UTF-8"?>
<!-- Generated by org.testng.reporters.JUnitReportReporter -->
<testsuite hostname="DESKTOP-9KEFPRG" failures="0" tests="1" name="TestNGExecution.Zomato" time="3.785" errors="0" timestamp="2024-05-15T12:04:18 IST" skipped="0">
  <testcase classname="TestNGExecution.Zomato" name="ZomatoLaunch" time="3.785"/>
  <system-out>
    <![CDATA[Zomato page]]>
  </system-out>
</testsuite> <!-- TestNGExecution.Zomato -->
