<?xml version="1.0" encoding="UTF-8"?>
<!-- Generated by org.testng.reporters.JUnitReportReporter -->
<testsuite hostname="DESKTOP-9KEFPRG" failures="0" tests="1" name="TestNGExecution.BlinkIt" time="29.345" errors="0" timestamp="2024-05-15T11:53:59 IST" skipped="0">
  <testcase classname="TestNGExecution.BlinkIt" name="BlinkItLaunch" time="29.345"/>
  <system-out>
    <![CDATA[BlinkIt page]]>
  </system-out>
</testsuite> <!-- TestNGExecution.BlinkIt -->
