<?xml version="1.0" encoding="UTF-8"?>
<!-- Generated by org.testng.reporters.JUnitReportReporter -->
<testsuite hostname="DESKTOP-9KEFPRG" failures="0" tests="6" name="TestNG.BasicTestNGProgram" time="88.998" errors="0" timestamp="2024-05-14T12:04:39 IST" skipped="1">
  <testcase classname="TestNG.BasicTestNGProgram" name="YouTube" time="6.860"/>
  <system-out>
    <![CDATA[YouTube]]>
  </system-out>
  <testcase classname="TestNG.BasicTestNGProgram" name="FlipCart" time="27.506"/>
  <system-out>
    <![CDATA[FlipCart]]>
  </system-out>
  <testcase classname="TestNG.BasicTestNGProgram" name="FlipCart" time="23.499"/>
  <system-out>
    <![CDATA[FlipCart]]>
  </system-out>
  <testcase classname="TestNG.BasicTestNGProgram" name="FlipCart" time="27.538"/>
  <system-out>
    <![CDATA[FlipCart]]>
  </system-out>
  <testcase classname="TestNG.BasicTestNGProgram" name="Amazon" time="3.595"/>
  <system-out>
    <![CDATA[Amazon]]>
  </system-out>
  <testcase classname="TestNG.BasicTestNGProgram" name="W3School">
    <skipped/>
  </testcase> <!-- W3School -->
  <system-out/>
</testsuite> <!-- TestNG.BasicTestNGProgram -->
