<?xml version="1.0" encoding="UTF-8"?>
<!-- Generated by org.testng.reporters.JUnitReportReporter -->
<testsuite hostname="DESKTOP-9KEFPRG" failures="0" tests="1" name="TestNGExecution.Swiggy" time="6.037" errors="0" timestamp="2024-05-15T12:04:18 IST" skipped="0">
  <testcase classname="TestNGExecution.Swiggy" name="SwiggyLaunch" time="6.037"/>
  <system-out>
    <![CDATA[Swiggy page]]>
  </system-out>
</testsuite> <!-- TestNGExecution.Swiggy -->
