<?xml version="1.0" encoding="UTF-8"?>
<!-- Generated by org.testng.reporters.JUnitReportReporter -->
<testsuite hostname="DESKTOP-9KEFPRG" failures="0" tests="4" name="TestNG.Dataprovider" time="17.239" errors="0" timestamp="2024-05-16T16:29:06 IST" skipped="0">
  <testcase classname="TestNG.Dataprovider" name="tologin" time="4.157"/>
  <system-out/>
  <testcase classname="TestNG.Dataprovider" name="tologin" time="3.749"/>
  <system-out/>
  <testcase classname="TestNG.Dataprovider" name="tologin" time="4.243"/>
  <system-out/>
  <testcase classname="TestNG.Dataprovider" name="tologin" time="5.090"/>
  <system-out/>
</testsuite> <!-- TestNG.Dataprovider -->
