<?xml version="1.0" encoding="UTF-8"?>
<!-- Generated by org.testng.reporters.JUnitReportReporter -->
<testsuite hostname="DESKTOP-9KEFPRG" failures="0" tests="1" name="TestNGExecution.KFC" time="29.251" errors="0" timestamp="2024-05-15T11:53:59 IST" skipped="0">
  <testcase classname="TestNGExecution.KFC" name="KFCLaunch" time="29.251"/>
  <system-out>
    <![CDATA[KFC page]]>
  </system-out>
</testsuite> <!-- TestNGExecution.KFC -->
