<?xml version="1.0" encoding="UTF-8"?>
<!-- Generated by org.testng.reporters.JUnitReportReporter -->
<testsuite hostname="DESKTOP-9KEFPRG" failures="0" tests="1" name="TestNG.ChronologyOrder" time="0.017" errors="0" timestamp="2024-05-16T11:49:18 IST" skipped="0">
  <testcase classname="TestNG.ChronologyOrder" name="mainmethod" time="0.017"/>
  <system-out>
    <![CDATA[Main method is getting launched]]>
  </system-out>
</testsuite> <!-- TestNG.ChronologyOrder -->
