<?xml version="1.0" encoding="UTF-8"?>
<!-- Generated by org.testng.reporters.JUnitReportReporter -->
<testsuite hostname="DESKTOP-9KEFPRG" failures="0" tests="5" name="TestNG.DemoWebShop" time="43.557" errors="0" timestamp="2024-05-16T19:23:00 IST" skipped="0">
  <testcase classname="TestNG.DemoWebShop" name="toregister" time="8.479"/>
  <system-out/>
  <testcase classname="TestNG.DemoWebShop" name="toregister" time="8.231"/>
  <system-out/>
  <testcase classname="TestNG.DemoWebShop" name="toregister" time="7.568"/>
  <system-out/>
  <testcase classname="TestNG.DemoWebShop" name="toregister" time="10.314"/>
  <system-out/>
  <testcase classname="TestNG.DemoWebShop" name="toregister" time="8.965"/>
  <system-out/>
</testsuite> <!-- TestNG.DemoWebShop -->
