<?xml version="1.0" encoding="UTF-8"?>
<!-- Generated by org.testng.reporters.JUnitReportReporter -->
<testsuite hostname="DESKTOP-9KEFPRG" failures="0" tests="1" name="TestNGExecution.FoodPanda" time="30.360" errors="0" timestamp="2024-05-15T11:53:59 IST" skipped="0">
  <testcase classname="TestNGExecution.FoodPanda" name="FoodPandaLaunch" time="30.360"/>
  <system-out>
    <![CDATA[FoodPanda page]]>
  </system-out>
</testsuite> <!-- TestNGExecution.FoodPanda -->
